<?xml version="1.0" encoding="UTF-8"?>
<!-- Generated by org.testng.reporters.JUnitXMLReporter -->
<testsuite ignored="11" hostname="Mahesh" failures="0" tests="1" name="Default test" time="175.145" errors="0" timestamp="2021-04-19T11:12:38 IST">
  <testcase classname="com.Login.Tests.Createconsultation" name="VerifyselectingYesforimageuploadflowtest" time="145.301"/>
  <testcase classname="com.Login.Tests.Createconsultation" name="Verifyimageuploadflowforcurrentlyavailabledoctortest" time="0.0">
    <ignored/>
  </testcase> <!-- Verifyimageuploadflowforcurrentlyavailabledoctortest -->
  <testcase classname="com.Login.Tests.Createconsultation" name="Verifyoptingforaffinityflowtest" time="0.0">
    <ignored/>
  </testcase> <!-- Verifyoptingforaffinityflowtest -->
  <testcase classname="com.Login.Tests.Createconsultation" name="Verifyuserisgettingtheclaraquestionstest" time="0.0">
    <ignored/>
  </testcase> <!-- Verifyuserisgettingtheclaraquestionstest -->
  <testcase classname="com.Login.Tests.Createconsultation" name="Verifynotoptingforaffinityflowtest" time="0.0">
    <ignored/>
  </testcase> <!-- Verifynotoptingforaffinityflowtest -->
  <testcase classname="com.Login.Tests.Createconsultation" name="Verifyimageuploadflowforaffinitydoctortest" time="0.0">
    <ignored/>
  </testcase> <!-- Verifyimageuploadflowforaffinitydoctortest -->
  <testcase classname="com.Login.Tests.Createconsultation" name="VerifyselectingNoforimageuploadflowtest" time="0.0">
    <ignored/>
  </testcase> <!-- VerifyselectingNoforimageuploadflowtest -->
  <testcase classname="com.Login.Tests.Createconsultation" name="Verifyaffinityflowdoctorlisttest" time="0.0">
    <ignored/>
  </testcase> <!-- Verifyaffinityflowdoctorlisttest -->
  <testcase classname="com.Login.Tests.Createconsultation" name="Verifyifuserisabletocreateaconsultationtest" time="0.0">
    <ignored/>
  </testcase> <!-- Verifyifuserisabletocreateaconsultationtest -->
  <testcase classname="com.Login.Tests.Createconsultation" name="Verifynotselectinganyoptioninimageuploadflowtest" time="0.0">
    <ignored/>
  </testcase> <!-- Verifynotselectinganyoptioninimageuploadflowtest -->
  <testcase classname="com.Login.Tests.Createconsultation" name="Verifyaffinityflowdoctorassignmenttest" time="0.0">
    <ignored/>
  </testcase> <!-- Verifyaffinityflowdoctorassignmenttest -->
  <testcase classname="com.Login.Tests.Createconsultation" name="Verifyaffinityflowtesttest" time="0.0">
    <ignored/>
  </testcase> <!-- Verifyaffinityflowtesttest -->
</testsuite> <!-- Default test -->
